[      80ms] [WARNING] [JavaScript Warning: "“localhost” has been classified as a bounce tracker. If it does not receive user activation within the next 3,600 seconds it will have its state purged."] @ :0
[   61884ms] Error: Minified React error #425; visit https://react.dev/errors/425 for the full message or use the non-minified dev environment for full errors and additional helpful warnings.
    at sq (https://localhost/_next/static/chunks/1dd3208c-75214c0c9d5c1558.js:1:146764)
    at co (https://localhost/_next/static/chunks/1dd3208c-75214c0c9d5c1558.js:1:158778)
    at 510/iu/n< (https://localhost/_next/static/chunks/1dd3208c-75214c0c9d5c1558.js:1:99417)
    at iu (https://localhost/_next/static/chunks/1dd3208c-75214c0c9d5c1558.js:1:103866)
    at ia (https://localhost/_next/static/chunks/1dd3208c-75214c0c9d5c1558.js:1:95222)
    at 510/oZ/< (https://localhost/_next/static/chunks/1dd3208c-75214c0c9d5c1558.js:1:91089)
    at 510/oZ/t< (https://localhost/_next/static/chunks/1dd3208c-75214c0c9d5c1558.js:1:91094)
    at oZ (https://localhost/_next/static/chunks/1dd3208c-75214c0c9d5c1558.js:1:91199)
    at M (https://localhost/_next/static/chunks/528-a03324ef6120cb7b.js:1:84739)
    at EventHandlerNonNull*7918 (https://localhost/_next/static/chunks/528-a03324ef6120cb7b.js:1:85126)
    at d (https://localhost/_next/static/chunks/webpack-fdf0c82460f5310e.js:1:151)
    at 9463 (https://localhost/_next/static/chunks/528-a03324ef6120cb7b.js:1:86893)
    at d (https://localhost/_next/static/chunks/webpack-fdf0c82460f5310e.js:1:151)
    at 510 (https://localhost/_next/static/chunks/1dd3208c-75214c0c9d5c1558.js:1:116)
    at d (https://localhost/_next/static/chunks/webpack-fdf0c82460f5310e.js:1:151)
    at 3458 (https://localhost/_next/static/chunks/528-a03324ef6120cb7b.js:2:12909)
    at d (https://localhost/_next/static/chunks/webpack-fdf0c82460f5310e.js:1:151)
    at 2291 (https://localhost/_next/static/chunks/528-a03324ef6120cb7b.js:2:12598)
    at d (https://localhost/_next/static/chunks/webpack-fdf0c82460f5310e.js:1:151)
    at 4592 (https://localhost/_next/static/chunks/528-a03324ef6120cb7b.js:1:3788)
    at d (https://localhost/_next/static/chunks/webpack-fdf0c82460f5310e.js:1:151)
    at 6000/< (https://localhost/_next/static/chunks/528-a03324ef6120cb7b.js:1:5758)
    at n (https://localhost/_next/static/chunks/528-a03324ef6120cb7b.js:1:2226)
    at n (https://localhost/_next/static/chunks/528-a03324ef6120cb7b.js:1:2587)
    at 6000 (https://localhost/_next/static/chunks/528-a03324ef6120cb7b.js:1:5736)
    at d (https://localhost/_next/static/chunks/webpack-fdf0c82460f5310e.js:1:151)
    at n (https://localhost/_next/static/chunks/main-app-b93396070d9d72a4.js:1:388)
    at  (https://localhost/_next/static/chunks/main-app-b93396070d9d72a4.js:1:433)
    at d.O (https://localhost/_next/static/chunks/webpack-fdf0c82460f5310e.js:1:551)
    at c (https://localhost/_next/static/chunks/webpack-fdf0c82460f5310e.js:1:3327)
    at  (https://localhost/_next/static/chunks/1dd3208c-75214c0c9d5c1558.js:1:64)
[   61886ms] Error: Minified React error #425; visit https://react.dev/errors/425 for the full message or use the non-minified dev environment for full errors and additional helpful warnings.
    at sq (https://localhost/_next/static/chunks/1dd3208c-75214c0c9d5c1558.js:1:146764)
    at co (https://localhost/_next/static/chunks/1dd3208c-75214c0c9d5c1558.js:1:158778)
    at 510/iu/n< (https://localhost/_next/static/chunks/1dd3208c-75214c0c9d5c1558.js:1:99417)
    at iu (https://localhost/_next/static/chunks/1dd3208c-75214c0c9d5c1558.js:1:103866)
    at ia (https://localhost/_next/static/chunks/1dd3208c-75214c0c9d5c1558.js:1:95222)
    at 510/oZ/< (https://localhost/_next/static/chunks/1dd3208c-75214c0c9d5c1558.js:1:91089)
    at 510/oZ/t< (https://localhost/_next/static/chunks/1dd3208c-75214c0c9d5c1558.js:1:91094)
    at oZ (https://localhost/_next/static/chunks/1dd3208c-75214c0c9d5c1558.js:1:91199)
    at M (https://localhost/_next/static/chunks/528-a03324ef6120cb7b.js:1:84739)
    at EventHandlerNonNull*7918 (https://localhost/_next/static/chunks/528-a03324ef6120cb7b.js:1:85126)
    at d (https://localhost/_next/static/chunks/webpack-fdf0c82460f5310e.js:1:151)
    at 9463 (https://localhost/_next/static/chunks/528-a03324ef6120cb7b.js:1:86893)
    at d (https://localhost/_next/static/chunks/webpack-fdf0c82460f5310e.js:1:151)
    at 510 (https://localhost/_next/static/chunks/1dd3208c-75214c0c9d5c1558.js:1:116)
    at d (https://localhost/_next/static/chunks/webpack-fdf0c82460f5310e.js:1:151)
    at 3458 (https://localhost/_next/static/chunks/528-a03324ef6120cb7b.js:2:12909)
    at d (https://localhost/_next/static/chunks/webpack-fdf0c82460f5310e.js:1:151)
    at 2291 (https://localhost/_next/static/chunks/528-a03324ef6120cb7b.js:2:12598)
    at d (https://localhost/_next/static/chunks/webpack-fdf0c82460f5310e.js:1:151)
    at 4592 (https://localhost/_next/static/chunks/528-a03324ef6120cb7b.js:1:3788)
    at d (https://localhost/_next/static/chunks/webpack-fdf0c82460f5310e.js:1:151)
    at 6000/< (https://localhost/_next/static/chunks/528-a03324ef6120cb7b.js:1:5758)
    at n (https://localhost/_next/static/chunks/528-a03324ef6120cb7b.js:1:2226)
    at n (https://localhost/_next/static/chunks/528-a03324ef6120cb7b.js:1:2587)
    at 6000 (https://localhost/_next/static/chunks/528-a03324ef6120cb7b.js:1:5736)
    at d (https://localhost/_next/static/chunks/webpack-fdf0c82460f5310e.js:1:151)
    at n (https://localhost/_next/static/chunks/main-app-b93396070d9d72a4.js:1:388)
    at  (https://localhost/_next/static/chunks/main-app-b93396070d9d72a4.js:1:433)
    at d.O (https://localhost/_next/static/chunks/webpack-fdf0c82460f5310e.js:1:551)
    at c (https://localhost/_next/static/chunks/webpack-fdf0c82460f5310e.js:1:3327)
    at  (https://localhost/_next/static/chunks/1dd3208c-75214c0c9d5c1558.js:1:64)
[   61886ms] Error: Minified React error #425; visit https://react.dev/errors/425 for the full message or use the non-minified dev environment for full errors and additional helpful warnings.
    at sq (https://localhost/_next/static/chunks/1dd3208c-75214c0c9d5c1558.js:1:146764)
    at co (https://localhost/_next/static/chunks/1dd3208c-75214c0c9d5c1558.js:1:158778)
    at 510/iu/n< (https://localhost/_next/static/chunks/1dd3208c-75214c0c9d5c1558.js:1:99417)
    at iu (https://localhost/_next/static/chunks/1dd3208c-75214c0c9d5c1558.js:1:103866)
    at ia (https://localhost/_next/static/chunks/1dd3208c-75214c0c9d5c1558.js:1:95222)
    at 510/oZ/< (https://localhost/_next/static/chunks/1dd3208c-75214c0c9d5c1558.js:1:91089)
    at 510/oZ/t< (https://localhost/_next/static/chunks/1dd3208c-75214c0c9d5c1558.js:1:91094)
    at oZ (https://localhost/_next/static/chunks/1dd3208c-75214c0c9d5c1558.js:1:91199)
    at M (https://localhost/_next/static/chunks/528-a03324ef6120cb7b.js:1:84739)
    at EventHandlerNonNull*7918 (https://localhost/_next/static/chunks/528-a03324ef6120cb7b.js:1:85126)
    at d (https://localhost/_next/static/chunks/webpack-fdf0c82460f5310e.js:1:151)
    at 9463 (https://localhost/_next/static/chunks/528-a03324ef6120cb7b.js:1:86893)
    at d (https://localhost/_next/static/chunks/webpack-fdf0c82460f5310e.js:1:151)
    at 510 (https://localhost/_next/static/chunks/1dd3208c-75214c0c9d5c1558.js:1:116)
    at d (https://localhost/_next/static/chunks/webpack-fdf0c82460f5310e.js:1:151)
    at 3458 (https://localhost/_next/static/chunks/528-a03324ef6120cb7b.js:2:12909)
    at d (https://localhost/_next/static/chunks/webpack-fdf0c82460f5310e.js:1:151)
    at 2291 (https://localhost/_next/static/chunks/528-a03324ef6120cb7b.js:2:12598)
    at d (https://localhost/_next/static/chunks/webpack-fdf0c82460f5310e.js:1:151)
    at 4592 (https://localhost/_next/static/chunks/528-a03324ef6120cb7b.js:1:3788)
    at d (https://localhost/_next/static/chunks/webpack-fdf0c82460f5310e.js:1:151)
    at 6000/< (https://localhost/_next/static/chunks/528-a03324ef6120cb7b.js:1:5758)
    at n (https://localhost/_next/static/chunks/528-a03324ef6120cb7b.js:1:2226)
    at n (https://localhost/_next/static/chunks/528-a03324ef6120cb7b.js:1:2587)
    at 6000 (https://localhost/_next/static/chunks/528-a03324ef6120cb7b.js:1:5736)
    at d (https://localhost/_next/static/chunks/webpack-fdf0c82460f5310e.js:1:151)
    at n (https://localhost/_next/static/chunks/main-app-b93396070d9d72a4.js:1:388)
    at  (https://localhost/_next/static/chunks/main-app-b93396070d9d72a4.js:1:433)
    at d.O (https://localhost/_next/static/chunks/webpack-fdf0c82460f5310e.js:1:551)
    at c (https://localhost/_next/static/chunks/webpack-fdf0c82460f5310e.js:1:3327)
    at  (https://localhost/_next/static/chunks/1dd3208c-75214c0c9d5c1558.js:1:64)
[   61886ms] Error: Minified React error #425; visit https://react.dev/errors/425 for the full message or use the non-minified dev environment for full errors and additional helpful warnings.
    at sq (https://localhost/_next/static/chunks/1dd3208c-75214c0c9d5c1558.js:1:146764)
    at co (https://localhost/_next/static/chunks/1dd3208c-75214c0c9d5c1558.js:1:158778)
    at 510/iu/n< (https://localhost/_next/static/chunks/1dd3208c-75214c0c9d5c1558.js:1:99417)
    at iu (https://localhost/_next/static/chunks/1dd3208c-75214c0c9d5c1558.js:1:103866)
    at ia (https://localhost/_next/static/chunks/1dd3208c-75214c0c9d5c1558.js:1:95222)
    at 510/oZ/< (https://localhost/_next/static/chunks/1dd3208c-75214c0c9d5c1558.js:1:91089)
    at 510/oZ/t< (https://localhost/_next/static/chunks/1dd3208c-75214c0c9d5c1558.js:1:91094)
    at oZ (https://localhost/_next/static/chunks/1dd3208c-75214c0c9d5c1558.js:1:91199)
    at M (https://localhost/_next/static/chunks/528-a03324ef6120cb7b.js:1:84739)
    at EventHandlerNonNull*7918 (https://localhost/_next/static/chunks/528-a03324ef6120cb7b.js:1:85126)
    at d (https://localhost/_next/static/chunks/webpack-fdf0c82460f5310e.js:1:151)
    at 9463 (https://localhost/_next/static/chunks/528-a03324ef6120cb7b.js:1:86893)
    at d (https://localhost/_next/static/chunks/webpack-fdf0c82460f5310e.js:1:151)
    at 510 (https://localhost/_next/static/chunks/1dd3208c-75214c0c9d5c1558.js:1:116)
    at d (https://localhost/_next/static/chunks/webpack-fdf0c82460f5310e.js:1:151)
    at 3458 (https://localhost/_next/static/chunks/528-a03324ef6120cb7b.js:2:12909)
    at d (https://localhost/_next/static/chunks/webpack-fdf0c82460f5310e.js:1:151)
    at 2291 (https://localhost/_next/static/chunks/528-a03324ef6120cb7b.js:2:12598)
    at d (https://localhost/_next/static/chunks/webpack-fdf0c82460f5310e.js:1:151)
    at 4592 (https://localhost/_next/static/chunks/528-a03324ef6120cb7b.js:1:3788)
    at d (https://localhost/_next/static/chunks/webpack-fdf0c82460f5310e.js:1:151)
    at 6000/< (https://localhost/_next/static/chunks/528-a03324ef6120cb7b.js:1:5758)
    at n (https://localhost/_next/static/chunks/528-a03324ef6120cb7b.js:1:2226)
    at n (https://localhost/_next/static/chunks/528-a03324ef6120cb7b.js:1:2587)
    at 6000 (https://localhost/_next/static/chunks/528-a03324ef6120cb7b.js:1:5736)
    at d (https://localhost/_next/static/chunks/webpack-fdf0c82460f5310e.js:1:151)
    at n (https://localhost/_next/static/chunks/main-app-b93396070d9d72a4.js:1:388)
    at  (https://localhost/_next/static/chunks/main-app-b93396070d9d72a4.js:1:433)
    at d.O (https://localhost/_next/static/chunks/webpack-fdf0c82460f5310e.js:1:551)
    at c (https://localhost/_next/static/chunks/webpack-fdf0c82460f5310e.js:1:3327)
    at  (https://localhost/_next/static/chunks/1dd3208c-75214c0c9d5c1558.js:1:64)
[   61887ms] Error: Minified React error #425; visit https://react.dev/errors/425 for the full message or use the non-minified dev environment for full errors and additional helpful warnings.
    at sq (https://localhost/_next/static/chunks/1dd3208c-75214c0c9d5c1558.js:1:146764)
    at co (https://localhost/_next/static/chunks/1dd3208c-75214c0c9d5c1558.js:1:158778)
    at 510/iu/n< (https://localhost/_next/static/chunks/1dd3208c-75214c0c9d5c1558.js:1:99417)
    at iu (https://localhost/_next/static/chunks/1dd3208c-75214c0c9d5c1558.js:1:103866)
    at ia (https://localhost/_next/static/chunks/1dd3208c-75214c0c9d5c1558.js:1:95222)
    at 510/oZ/< (https://localhost/_next/static/chunks/1dd3208c-75214c0c9d5c1558.js:1:91089)
    at 510/oZ/t< (https://localhost/_next/static/chunks/1dd3208c-75214c0c9d5c1558.js:1:91094)
    at oZ (https://localhost/_next/static/chunks/1dd3208c-75214c0c9d5c1558.js:1:91199)
    at M (https://localhost/_next/static/chunks/528-a03324ef6120cb7b.js:1:84739)
    at EventHandlerNonNull*7918 (https://localhost/_next/static/chunks/528-a03324ef6120cb7b.js:1:85126)
    at d (https://localhost/_next/static/chunks/webpack-fdf0c82460f5310e.js:1:151)
    at 9463 (https://localhost/_next/static/chunks/528-a03324ef6120cb7b.js:1:86893)
    at d (https://localhost/_next/static/chunks/webpack-fdf0c82460f5310e.js:1:151)
    at 510 (https://localhost/_next/static/chunks/1dd3208c-75214c0c9d5c1558.js:1:116)
    at d (https://localhost/_next/static/chunks/webpack-fdf0c82460f5310e.js:1:151)
    at 3458 (https://localhost/_next/static/chunks/528-a03324ef6120cb7b.js:2:12909)
    at d (https://localhost/_next/static/chunks/webpack-fdf0c82460f5310e.js:1:151)
    at 2291 (https://localhost/_next/static/chunks/528-a03324ef6120cb7b.js:2:12598)
    at d (https://localhost/_next/static/chunks/webpack-fdf0c82460f5310e.js:1:151)
    at 4592 (https://localhost/_next/static/chunks/528-a03324ef6120cb7b.js:1:3788)
    at d (https://localhost/_next/static/chunks/webpack-fdf0c82460f5310e.js:1:151)
    at 6000/< (https://localhost/_next/static/chunks/528-a03324ef6120cb7b.js:1:5758)
    at n (https://localhost/_next/static/chunks/528-a03324ef6120cb7b.js:1:2226)
    at n (https://localhost/_next/static/chunks/528-a03324ef6120cb7b.js:1:2587)
    at 6000 (https://localhost/_next/static/chunks/528-a03324ef6120cb7b.js:1:5736)
    at d (https://localhost/_next/static/chunks/webpack-fdf0c82460f5310e.js:1:151)
    at n (https://localhost/_next/static/chunks/main-app-b93396070d9d72a4.js:1:388)
    at  (https://localhost/_next/static/chunks/main-app-b93396070d9d72a4.js:1:433)
    at d.O (https://localhost/_next/static/chunks/webpack-fdf0c82460f5310e.js:1:551)
    at c (https://localhost/_next/static/chunks/webpack-fdf0c82460f5310e.js:1:3327)
    at  (https://localhost/_next/static/chunks/1dd3208c-75214c0c9d5c1558.js:1:64)
[   61887ms] Error: Minified React error #418; visit https://react.dev/errors/418 for the full message or use the non-minified dev environment for full errors and additional helpful warnings.
    at t5 (https://localhost/_next/static/chunks/1dd3208c-75214c0c9d5c1558.js:1:24669)
    at iZ (https://localhost/_next/static/chunks/1dd3208c-75214c0c9d5c1558.js:1:120534)
    at ia (https://localhost/_next/static/chunks/1dd3208c-75214c0c9d5c1558.js:1:95163)
    at 510/oZ/< (https://localhost/_next/static/chunks/1dd3208c-75214c0c9d5c1558.js:1:91089)
    at 510/oZ/t< (https://localhost/_next/static/chunks/1dd3208c-75214c0c9d5c1558.js:1:91094)
    at oZ (https://localhost/_next/static/chunks/1dd3208c-75214c0c9d5c1558.js:1:91199)
    at M (https://localhost/_next/static/chunks/528-a03324ef6120cb7b.js:1:84739)
    at EventHandlerNonNull*7918 (https://localhost/_next/static/chunks/528-a03324ef6120cb7b.js:1:85126)
    at d (https://localhost/_next/static/chunks/webpack-fdf0c82460f5310e.js:1:151)
    at 9463 (https://localhost/_next/static/chunks/528-a03324ef6120cb7b.js:1:86893)
    at d (https://localhost/_next/static/chunks/webpack-fdf0c82460f5310e.js:1:151)
    at 510 (https://localhost/_next/static/chunks/1dd3208c-75214c0c9d5c1558.js:1:116)
    at d (https://localhost/_next/static/chunks/webpack-fdf0c82460f5310e.js:1:151)
    at 3458 (https://localhost/_next/static/chunks/528-a03324ef6120cb7b.js:2:12909)
    at d (https://localhost/_next/static/chunks/webpack-fdf0c82460f5310e.js:1:151)
    at 2291 (https://localhost/_next/static/chunks/528-a03324ef6120cb7b.js:2:12598)
    at d (https://localhost/_next/static/chunks/webpack-fdf0c82460f5310e.js:1:151)
    at 4592 (https://localhost/_next/static/chunks/528-a03324ef6120cb7b.js:1:3788)
    at d (https://localhost/_next/static/chunks/webpack-fdf0c82460f5310e.js:1:151)
    at 6000/< (https://localhost/_next/static/chunks/528-a03324ef6120cb7b.js:1:5758)
    at n (https://localhost/_next/static/chunks/528-a03324ef6120cb7b.js:1:2226)
    at n (https://localhost/_next/static/chunks/528-a03324ef6120cb7b.js:1:2587)
    at 6000 (https://localhost/_next/static/chunks/528-a03324ef6120cb7b.js:1:5736)
    at d (https://localhost/_next/static/chunks/webpack-fdf0c82460f5310e.js:1:151)
    at n (https://localhost/_next/static/chunks/main-app-b93396070d9d72a4.js:1:388)
    at  (https://localhost/_next/static/chunks/main-app-b93396070d9d72a4.js:1:433)
    at d.O (https://localhost/_next/static/chunks/webpack-fdf0c82460f5310e.js:1:551)
    at c (https://localhost/_next/static/chunks/webpack-fdf0c82460f5310e.js:1:3327)
    at  (https://localhost/_next/static/chunks/1dd3208c-75214c0c9d5c1558.js:1:64)
[   61887ms] Error: Minified React error #423; visit https://react.dev/errors/423 for the full message or use the non-minified dev environment for full errors and additional helpful warnings.
    at iZ (https://localhost/_next/static/chunks/1dd3208c-75214c0c9d5c1558.js:1:118348)
    at ia (https://localhost/_next/static/chunks/1dd3208c-75214c0c9d5c1558.js:1:95163)
    at 510/il/< (https://localhost/_next/static/chunks/1dd3208c-75214c0c9d5c1558.js:1:94985)
    at il (https://localhost/_next/static/chunks/1dd3208c-75214c0c9d5c1558.js:1:94990)
    at oJ (https://localhost/_next/static/chunks/1dd3208c-75214c0c9d5c1558.js:1:92346)
    at oZ (https://localhost/_next/static/chunks/1dd3208c-75214c0c9d5c1558.js:1:91765)
    at M (https://localhost/_next/static/chunks/528-a03324ef6120cb7b.js:1:84739)
    at EventHandlerNonNull*7918 (https://localhost/_next/static/chunks/528-a03324ef6120cb7b.js:1:85126)
    at d (https://localhost/_next/static/chunks/webpack-fdf0c82460f5310e.js:1:151)
    at 9463 (https://localhost/_next/static/chunks/528-a03324ef6120cb7b.js:1:86893)
    at d (https://localhost/_next/static/chunks/webpack-fdf0c82460f5310e.js:1:151)
    at 510 (https://localhost/_next/static/chunks/1dd3208c-75214c0c9d5c1558.js:1:116)
    at d (https://localhost/_next/static/chunks/webpack-fdf0c82460f5310e.js:1:151)
    at 3458 (https://localhost/_next/static/chunks/528-a03324ef6120cb7b.js:2:12909)
    at d (https://localhost/_next/static/chunks/webpack-fdf0c82460f5310e.js:1:151)
    at 2291 (https://localhost/_next/static/chunks/528-a03324ef6120cb7b.js:2:12598)
    at d (https://localhost/_next/static/chunks/webpack-fdf0c82460f5310e.js:1:151)
    at 4592 (https://localhost/_next/static/chunks/528-a03324ef6120cb7b.js:1:3788)
    at d (https://localhost/_next/static/chunks/webpack-fdf0c82460f5310e.js:1:151)
    at 6000/< (https://localhost/_next/static/chunks/528-a03324ef6120cb7b.js:1:5758)
    at n (https://localhost/_next/static/chunks/528-a03324ef6120cb7b.js:1:2226)
    at n (https://localhost/_next/static/chunks/528-a03324ef6120cb7b.js:1:2587)
    at 6000 (https://localhost/_next/static/chunks/528-a03324ef6120cb7b.js:1:5736)
    at d (https://localhost/_next/static/chunks/webpack-fdf0c82460f5310e.js:1:151)
    at n (https://localhost/_next/static/chunks/main-app-b93396070d9d72a4.js:1:388)
    at  (https://localhost/_next/static/chunks/main-app-b93396070d9d72a4.js:1:433)
    at d.O (https://localhost/_next/static/chunks/webpack-fdf0c82460f5310e.js:1:551)
    at c (https://localhost/_next/static/chunks/webpack-fdf0c82460f5310e.js:1:3327)
    at  (https://localhost/_next/static/chunks/1dd3208c-75214c0c9d5c1558.js:1:64)
[   71891ms] [WARNING] [JavaScript Warning: "The resource at “https://localhost/_next/static/media/8888a3826f4a3af4-s.p.woff2” preloaded with link preload was not used within a few seconds. Make sure all attributes of the preload tag are set correctly." {file: "https://localhost/dashboard" line: 0}] @ https://localhost/dashboard:0
[   71891ms] [WARNING] [JavaScript Warning: "The resource at “https://localhost/_next/static/media/0484562807a97172-s.p.woff2” preloaded with link preload was not used within a few seconds. Make sure all attributes of the preload tag are set correctly." {file: "https://localhost/dashboard" line: 0}] @ https://localhost/dashboard:0
[   71892ms] [WARNING] [JavaScript Warning: "The resource at “https://localhost/_next/static/media/904be59b21bd51cb-s.p.woff2” preloaded with link preload was not used within a few seconds. Make sure all attributes of the preload tag are set correctly." {file: "https://localhost/dashboard" line: 0}] @ https://localhost/dashboard:0
[   71892ms] [WARNING] [JavaScript Warning: "The resource at “https://localhost/_next/static/media/eafabf029ad39a43-s.p.woff2” preloaded with link preload was not used within a few seconds. Make sure all attributes of the preload tag are set correctly." {file: "https://localhost/dashboard" line: 0}] @ https://localhost/dashboard:0
